80882 [main] INFO TC_Jpmovie.class - ip failed!!  host:13.56.80.73:80:中国:3:304:1508604187236
184377 [main] INFO TC_Jpmovie.class - Exception
org.openqa.selenium.NoSuchWindowException: no such window: target window already closed
from unknown error: web view not found
  (Session info: chrome=62.0.3202.62)
  (Driver info: chromedriver=2.27.440174 (e97a722caafc2d3a8b807ee115bfb307f7d2cfd9),platform=Windows NT 10.0.15063 x86_64) (WARNING: The server did not provide any stacktrace information)
Command duration or timeout: 4 milliseconds
Build info: version: '2.53.0', revision: '35ae25b', time: '2016-03-15 17:00:58'
System info: host: 'GLASH', ip: '192.168.2.102', os.name: 'Windows 10', os.arch: 'amd64', os.version: '10.0', java.version: '1.8.0_121'
Driver info: org.openqa.selenium.chrome.ChromeDriver
Capabilities [{applicationCacheEnabled=false, rotatable=false, mobileEmulationEnabled=false, networkConnectionEnabled=false, chrome={chromedriverVersion=2.27.440174 (e97a722caafc2d3a8b807ee115bfb307f7d2cfd9), userDataDir=C:\Users\dell\AppData\Local\Temp\scoped_dir10060_4846}, takesHeapSnapshot=true, pageLoadStrategy=normal, databaseEnabled=false, handlesAlerts=true, hasTouchScreen=false, version=62.0.3202.62, platform=XP, browserConnectionEnabled=false, nativeEvents=true, acceptSslCerts=true, locationContextEnabled=true, webStorageEnabled=true, browserName=chrome, takesScreenshot=true, javascriptEnabled=true, cssSelectorsEnabled=true, unexpectedAlertBehaviour=}]
Session ID: e2794ae5c18cc9cd38cebb3aeac9f20e
	at sun.reflect.NativeConstructorAccessorImpl.newInstance0(Native Method)
	at sun.reflect.NativeConstructorAccessorImpl.newInstance(NativeConstructorAccessorImpl.java:62)
	at sun.reflect.DelegatingConstructorAccessorImpl.newInstance(DelegatingConstructorAccessorImpl.java:45)
	at java.lang.reflect.Constructor.newInstance(Constructor.java:423)
	at org.openqa.selenium.remote.ErrorHandler.createThrowable(ErrorHandler.java:206)
	at org.openqa.selenium.remote.ErrorHandler.throwIfResponseFailed(ErrorHandler.java:158)
	at org.openqa.selenium.remote.RemoteWebDriver.execute(RemoteWebDriver.java:678)
	at org.openqa.selenium.remote.RemoteWebDriver.execute(RemoteWebDriver.java:701)
	at org.openqa.selenium.remote.RemoteWebDriver.getCurrentUrl(RemoteWebDriver.java:326)
	at com.pub.wtd.common.BaseAction.isCurrentURL(BaseAction.java:203)
	at jpmovie.TC_Jpmovie.execute(TC_Jpmovie.java:28)
	at com.pub.wtd.common.Engine.runCommonCases(Engine.java:413)
	at com.pub.wtd.common.Engine.<init>(Engine.java:160)
	at com.pub.wtd.common.Engine.<init>(Engine.java:62)
	at com.pub.wtd.common.Main.runCase(Main.java:51)
	at com.pub.wtd.common.Main.main(Main.java:34)
184392 [main] INFO TC_Jpmovie.class - ip failed!!  host:13.56.80.73:80:中国:3:304:1508604187236
184503 [main] INFO TC_Jpmovie.class - ~~~~~~~~~~~~ Start to Capture the Screen ~~~~~~~~~~~~
184509 [main] INFO TC_Jpmovie.class - ~~~~~~~~~~~~ Start to Capture the Screen ~~~~~~~~~~~~
184517 [main] INFO TC_Jpmovie.class - ########### [ Error ]: Run Case Faild ,Exception Ocurrs !!!!!!###########
184517 [main] INFO TC_Jpmovie.class - Exception
java.lang.Exception: org.openqa.selenium.remote.SessionNotFoundException: no such session
  (Driver info: chromedriver=2.27.440174 (e97a722caafc2d3a8b807ee115bfb307f7d2cfd9),platform=Windows NT 10.0.15063 x86_64) (WARNING: The server did not provide any stacktrace information)
Command duration or timeout: 3 milliseconds
Build info: version: '2.53.0', revision: '35ae25b', time: '2016-03-15 17:00:58'
System info: host: 'GLASH', ip: '192.168.2.102', os.name: 'Windows 10', os.arch: 'amd64', os.version: '10.0', java.version: '1.8.0_121'
Driver info: org.openqa.selenium.chrome.ChromeDriver
Capabilities [{applicationCacheEnabled=false, rotatable=false, mobileEmulationEnabled=false, networkConnectionEnabled=false, chrome={chromedriverVersion=2.27.440174 (e97a722caafc2d3a8b807ee115bfb307f7d2cfd9), userDataDir=C:\Users\dell\AppData\Local\Temp\scoped_dir12276_28576}, takesHeapSnapshot=true, pageLoadStrategy=normal, databaseEnabled=false, handlesAlerts=true, hasTouchScreen=false, version=62.0.3202.62, platform=XP, browserConnectionEnabled=false, nativeEvents=true, acceptSslCerts=true, locationContextEnabled=true, webStorageEnabled=true, browserName=chrome, takesScreenshot=true, javascriptEnabled=true, cssSelectorsEnabled=true, unexpectedAlertBehaviour=}]
Session ID: 606b1caa3dee05bf0cbaeab2787b0358
	at com.pub.wtd.common.Engine.runCommonCases(Engine.java:448)
	at com.pub.wtd.common.Engine.<init>(Engine.java:160)
	at com.pub.wtd.common.Engine.<init>(Engine.java:62)
	at com.pub.wtd.common.Main.runCase(Main.java:51)
	at com.pub.wtd.common.Main.main(Main.java:34)
