139759 [main] ERROR TC_Jpmovie.class - ~~~~~~~~~~~~~~ find Element:精品电影 is failed ~~~~~~~~~~~~
139761 [main] INFO TC_Jpmovie.class - Exception
org.openqa.selenium.NoSuchWindowException: no such window: target window already closed
from unknown error: web view not found
  (Session info: chrome=62.0.3202.62)
  (Driver info: chromedriver=2.27.440174 (e97a722caafc2d3a8b807ee115bfb307f7d2cfd9),platform=Windows NT 10.0.15063 x86_64) (WARNING: The server did not provide any stacktrace information)
Command duration or timeout: 6 milliseconds
Build info: version: '2.53.0', revision: '35ae25b', time: '2016-03-15 17:00:58'
System info: host: 'GLASH', ip: '192.168.2.102', os.name: 'Windows 10', os.arch: 'amd64', os.version: '10.0', java.version: '1.8.0_121'
Driver info: org.openqa.selenium.chrome.ChromeDriver
Capabilities [{applicationCacheEnabled=false, rotatable=false, mobileEmulationEnabled=false, networkConnectionEnabled=false, chrome={chromedriverVersion=2.27.440174 (e97a722caafc2d3a8b807ee115bfb307f7d2cfd9), userDataDir=C:\Users\dell\AppData\Local\Temp\scoped_dir8752_23921}, takesHeapSnapshot=true, pageLoadStrategy=normal, databaseEnabled=false, handlesAlerts=true, hasTouchScreen=false, version=62.0.3202.62, platform=XP, browserConnectionEnabled=false, nativeEvents=true, acceptSslCerts=true, locationContextEnabled=true, webStorageEnabled=true, browserName=chrome, takesScreenshot=true, javascriptEnabled=true, cssSelectorsEnabled=true, unexpectedAlertBehaviour=}]
Session ID: 73b423aab309a33b8ded7f7d62b47234
*** Element info: {Using=xpath, value=//*[contains(.,'精品电影')]}
	at sun.reflect.NativeConstructorAccessorImpl.newInstance0(Native Method)
	at sun.reflect.NativeConstructorAccessorImpl.newInstance(NativeConstructorAccessorImpl.java:62)
	at sun.reflect.DelegatingConstructorAccessorImpl.newInstance(DelegatingConstructorAccessorImpl.java:45)
	at java.lang.reflect.Constructor.newInstance(Constructor.java:423)
	at org.openqa.selenium.remote.ErrorHandler.createThrowable(ErrorHandler.java:206)
	at org.openqa.selenium.remote.ErrorHandler.throwIfResponseFailed(ErrorHandler.java:158)
	at org.openqa.selenium.remote.RemoteWebDriver.execute(RemoteWebDriver.java:678)
	at org.openqa.selenium.remote.RemoteWebDriver.findElements(RemoteWebDriver.java:388)
	at org.openqa.selenium.remote.RemoteWebDriver.findElementsByXPath(RemoteWebDriver.java:504)
	at org.openqa.selenium.By$ByXPath.findElements(By.java:356)
	at org.openqa.selenium.remote.RemoteWebDriver.findElements(RemoteWebDriver.java:351)
	at com.pub.wtd.common.BaseAction.isTextExist(BaseAction.java:183)
	at jpmovie.TC_Jpmovie.execute(TC_Jpmovie.java:31)
	at com.pub.wtd.common.Engine.runCommonCases(Engine.java:413)
	at com.pub.wtd.common.Engine.<init>(Engine.java:160)
	at com.pub.wtd.common.Engine.<init>(Engine.java:62)
	at com.pub.wtd.common.Main.runCase(Main.java:51)
	at com.pub.wtd.common.Main.main(Main.java:34)
139771 [main] INFO TC_Jpmovie.class - ip failed!!  host:101.37.79.125:3128:中国:3:395:1508609927812
