27979 [main] INFO TC_Jpmovie.class - ip failed!!  host:114.215.150.13:3128:中国:3:25:1509463352261
36746 [main] ERROR TC_Jpmovie.class - ~~~~~~~~~~~~~~ find Element:精品电影 is failed ~~~~~~~~~~~~
36747 [main] INFO TC_Jpmovie.class - Exception
java.lang.NullPointerException
	at org.openqa.selenium.remote.RemoteWebDriver.findElements(RemoteWebDriver.java:397)
	at org.openqa.selenium.remote.RemoteWebDriver.findElementsByXPath(RemoteWebDriver.java:504)
	at org.openqa.selenium.By$ByXPath.findElements(By.java:356)
	at org.openqa.selenium.remote.RemoteWebDriver.findElements(RemoteWebDriver.java:351)
	at com.pub.wtd.common.BaseAction.isTextExist(BaseAction.java:183)
	at jpmovie.TC_Jpmovie.start(TC_Jpmovie.java:38)
	at jpmovie.TC_Jpmovie.execute(TC_Jpmovie.java:29)
	at com.pub.wtd.common.Engine.runCommonCases(Engine.java:413)
	at com.pub.wtd.common.Engine.<init>(Engine.java:160)
	at com.pub.wtd.common.Engine.<init>(Engine.java:62)
	at com.pub.wtd.common.Main.runCase(Main.java:51)
	at com.pub.wtd.common.Main.main(Main.java:34)
	at sun.reflect.NativeMethodAccessorImpl.invoke0(Native Method)
	at sun.reflect.NativeMethodAccessorImpl.invoke(NativeMethodAccessorImpl.java:62)
	at sun.reflect.DelegatingMethodAccessorImpl.invoke(DelegatingMethodAccessorImpl.java:43)
	at java.lang.reflect.Method.invoke(Method.java:498)
	at com.intellij.rt.execution.application.AppMain.main(AppMain.java:147)
36750 [main] INFO TC_Jpmovie.class - ip failed!!  host:197.211.27.234:8080:中国:3:358:1509463352262
